<?xml version="1.0" encoding="UTF-8"?>
<testng-results skipped="0" failed="0" ignored="0" total="4" passed="4">
  <reporter-output>
  </reporter-output>
  <suite name="Command line suite" duration-ms="67" started-at="2021-10-18T11:43:26Z" finished-at="2021-10-18T11:43:26Z">
    <groups>
    </groups>
    <test name="Command line test" duration-ms="67" started-at="2021-10-18T11:43:26Z" finished-at="2021-10-18T11:43:26Z">
      <class name="com.crm.contacttest.ContactTest">
        <test-method status="PASS" signature="createContactTest()[pri:0, instance:com.crm.contacttest.ContactTest@57829d67]" name="createContactTest" duration-ms="11" started-at="2021-10-18T11:43:26Z" finished-at="2021-10-18T11:43:26Z">
          <reporter-output>
          </reporter-output>
        </test-method> <!-- createContactTest -->
        <test-method status="PASS" signature="editContactTest()[pri:0, instance:com.crm.contacttest.ContactTest@57829d67]" name="editContactTest" duration-ms="1" started-at="2021-10-18T11:43:26Z" finished-at="2021-10-18T11:43:26Z">
          <reporter-output>
          </reporter-output>
        </test-method> <!-- editContactTest -->
      </class> <!-- com.crm.contacttest.ContactTest -->
      <class name="com.crm.orgtest.OrgTest">
        <test-method status="PASS" signature="createOrgTest()[pri:0, instance:com.crm.orgtest.OrgTest@19dfb72a]" name="createOrgTest" duration-ms="2" started-at="2021-10-18T11:43:26Z" finished-at="2021-10-18T11:43:26Z">
          <reporter-output>
          </reporter-output>
        </test-method> <!-- createOrgTest -->
        <test-method status="PASS" signature="editOrgTest()[pri:0, instance:com.crm.orgtest.OrgTest@19dfb72a]" name="editOrgTest" duration-ms="1" started-at="2021-10-18T11:43:26Z" finished-at="2021-10-18T11:43:26Z">
          <reporter-output>
          </reporter-output>
        </test-method> <!-- editOrgTest -->
      </class> <!-- com.crm.orgtest.OrgTest -->
    </test> <!-- Command line test -->
  </suite> <!-- Command line suite -->
</testng-results>
