<?xml version="1.0" encoding="UTF-8"?>
<testng-results ignored="0" total="2" passed="2" failed="0" skipped="0">
  <reporter-output>
  </reporter-output>
  <suite started-at="2021-10-18T11:48:30Z" name="Default suite" finished-at="2021-10-18T11:48:30Z" duration-ms="49">
    <groups>
    </groups>
    <test started-at="2021-10-18T11:48:30Z" name="Default test" finished-at="2021-10-18T11:48:30Z" duration-ms="49">
      <class name="com.crm.contacttest.ContactTest">
        <test-method signature="createContactTest()[pri:0, instance:com.crm.contacttest.ContactTest@30c8681]" started-at="2021-10-18T11:48:30Z" name="createContactTest" finished-at="2021-10-18T11:48:30Z" duration-ms="16" status="PASS">
          <reporter-output>
          </reporter-output>
        </test-method> <!-- createContactTest -->
        <test-method signature="editContactTest()[pri:0, instance:com.crm.contacttest.ContactTest@30c8681]" started-at="2021-10-18T11:48:30Z" name="editContactTest" finished-at="2021-10-18T11:48:30Z" duration-ms="2" status="PASS">
          <reporter-output>
          </reporter-output>
        </test-method> <!-- editContactTest -->
      </class> <!-- com.crm.contacttest.ContactTest -->
    </test> <!-- Default test -->
  </suite> <!-- Default suite -->
</testng-results>
