<?xml version="1.0" encoding="UTF-8"?>
<!-- Generated by org.testng.reporters.JUnitXMLReporter -->
<testsuite hostname="DESKTOP-8S455D7" ignored="0" name="Test" tests="4" failures="0" timestamp="18 Oct 2021 11:29:09 GMT" time="0.044" errors="0">
  <testcase name="createContactTest" time="0.008" classname="com.crm.contacttest.ContactTest"/>
  <testcase name="editContactTest" time="0.001" classname="com.crm.contacttest.ContactTest"/>
  <testcase name="createOrgTest" time="0.0" classname="com.crm.orgtest.OrgTest"/>
  <testcase name="editOrgTest" time="0.0" classname="com.crm.orgtest.OrgTest"/>
</testsuite> <!-- Test -->
